Started by user THITIKORN THANOMSUP

[Pipeline] Start of Pipeline
[Pipeline] node
Running on Jenkins
 in C:\ProgramData\Jenkins\.jenkins\workspace\login_test and api_test
[Pipeline] {
[Pipeline] withEnv
[Pipeline] {
[Pipeline] stage
[Pipeline] { (Checkout Code From Git)
[Pipeline] echo
Checking out code from https://github.com/BankThanomsup/Automated_Test_Thitikorn.git
[Pipeline] git
The recommended git tool is: NONE
using credential github-test-token
 > git.exe rev-parse --resolve-git-dir C:\ProgramData\Jenkins\.jenkins\workspace\login_test and api_test\.git # timeout=10
Fetching changes from the remote Git repository
 > git.exe config remote.origin.url https://github.com/BankThanomsup/Automated_Test_Thitikorn.git # timeout=10
Fetching upstream changes from https://github.com/BankThanomsup/Automated_Test_Thitikorn.git
 > git.exe --version # timeout=10
 > git --version # 'git version 2.49.0.windows.1'
using GIT_ASKPASS to set credentials github-test-token
 > git.exe fetch --tags --force --progress -- https://github.com/BankThanomsup/Automated_Test_Thitikorn.git +refs/heads/*:refs/remotes/origin/* # timeout=10
 > git.exe rev-parse "refs/remotes/origin/main^{commit}" # timeout=10
Checking out Revision 8e7e6220a316eda2ef2f02e04716e332740dd13b (refs/remotes/origin/main)
 > git.exe config core.sparsecheckout # timeout=10
 > git.exe checkout -f 8e7e6220a316eda2ef2f02e04716e332740dd13b # timeout=10
 > git.exe branch -a -v --no-abbrev # timeout=10
 > git.exe branch -D main # timeout=10
 > git.exe checkout -b main 8e7e6220a316eda2ef2f02e04716e332740dd13b # timeout=10
Commit message: "[Update] Jenkinsfile"
 > git.exe rev-list --no-walk 97f428f47a3b38404c82f057f3ee851c6155386c # timeout=10
[Pipeline] }
[Pipeline] // stage
[Pipeline] stage
[Pipeline] { (Install Dependencies)
[Pipeline] echo
Installing dependencies
[Pipeline] bat

C:\ProgramData\Jenkins\.jenkins\workspace\login_test and api_test>pip install --quiet robotframework 

[notice] A new release of pip is available: 25.0.1 -> 25.2
[notice] To update, run: python.exe -m pip install --upgrade pip

C:\ProgramData\Jenkins\.jenkins\workspace\login_test and api_test>pip install --quiet robotframework-seleniumlibrary 


[notice] A new release of pip is available: 25.0.1 -> 25.2
[notice] To update, run: python.exe -m pip install --upgrade pip

C:\ProgramData\Jenkins\.jenkins\workspace\login_test and api_test>pip install --quiet robotframework-requests 


[notice] A new release of pip is available: 25.0.1 -> 25.2
[notice] To update, run: python.exe -m pip install --upgrade pip
[Pipeline] }
[Pipeline] // stage
[Pipeline] stage
[Pipeline] { (Run Tests in Parallel)
[Pipeline] parallel
[Pipeline] { (Branch: Run Web Tests)
[Pipeline] { (Branch: Run API Tests)
[Pipeline] stage
[Pipeline] { (Run Web Tests)
[Pipeline] stage
[Pipeline] { (Run API Tests)
[Pipeline] echo
Running Web Tests
[Pipeline] bat
[Pipeline] echo
Running API Tests
[Pipeline] bat


C:\ProgramData\Jenkins\.jenkins\workspace\login_test and api_test>robot --outputdir Tests/assignment5/Results/assignment2 Tests/assignment2/login_test.robot 

C:\ProgramData\Jenkins\.jenkins\workspace\login_test and api_test>robot --outputdir Tests/assignment5/Results/assignment3 Tests/assignment3/api_test.robot 

[ ERROR ] Error in file 'C:\ProgramData\Jenkins\.jenkins\workspace\login_test and api_test\init.txt' on line 5: Importing library 'AppiumLibrary' failed: ModuleNotFoundError: No module named 'AppiumLibrary'
Traceback (most recent call last):
  None
PYTHONPATH:
  C:\Python313\Scripts\robot.exe
  C:\Python313\python313.zip
  C:\Python313\DLLs
  C:\Python313\Lib
  C:\Python313
  C:\Python313\Lib\site-packages
==============================================================================
Api Test                                                                      
==============================================================================
Get user profile success :: To verify get user profile API returns... [ ERROR ] Error in file 'C:\ProgramData\Jenkins\.jenkins\workspace\login_test and api_test\init.txt' on line 5: Importing library 'AppiumLibrary' failed: ModuleNotFoundError: No module named 'AppiumLibrary'
Traceback (most recent call last):
  None
PYTHONPATH:
  C:\Python313\Scripts\robot.exe
  C:\Python313\python313.zip
  C:\Python313\DLLs
  C:\Python313\Lib
  C:\Python313
  C:\Python313\Lib\site-packages
==============================================================================
Login Test                                                                    
==============================================================================
Login Success :: Verify successful login with valid username and p... C:\Python313\Lib\site-packages\urllib3\connectionpool.py:1097: InsecureRequestWarning: Unverified HTTPS request is being made to host 'reqres.in'. Adding certificate verification is strongly advised. See: https://urllib3.readthedocs.io/en/latest/advanced-usage.html#tls-warnings
  warnings.warn(
| PASS |
------------------------------------------------------------------------------

Get user profile but user not found :: Verify API returns 404 and ... C:\Python313\Lib\site-packages\urllib3\connectionpool.py:1097: InsecureRequestWarning: Unverified HTTPS request is being made to host 'reqres.in'. Adding certificate verification is strongly advised. See: https://urllib3.readthedocs.io/en/latest/advanced-usage.html#tls-warnings
  warnings.warn(
| PASS |
------------------------------------------------------------------------------
Api Test                                                              | PASS |
2 tests, 2 passed, 0 failed
==============================================================================
Output:  C:\ProgramData\Jenkins\.jenkins\workspace\login_test and api_test\Tests\assignment5\Results\assignment3\output.xml
Log:     C:\ProgramData\Jenkins\.jenkins\workspace\login_test and api_test\Tests\assignment5\Results\assignment3\log.html
Report:  C:\ProgramData\Jenkins\.jenkins\workspace\login_test and api_test\Tests\assignment5\Results\assignment3\report.html
[Pipeline] }
[Pipeline] // stage
[Pipeline] }

| PASS |
------------------------------------------------------------------------------

Login Failed - Password Incorrect :: Verify login fails when corre... | PASS |
------------------------------------------------------------------------------

Login Failed - Username Not Found :: Verify login fails when non-e... | PASS |
------------------------------------------------------------------------------
Login Test                                                            | PASS |
3 tests, 3 passed, 0 failed
==============================================================================
Output:  C:\ProgramData\Jenkins\.jenkins\workspace\login_test and api_test\Tests\assignment5\Results\assignment2\output.xml
Log:     C:\ProgramData\Jenkins\.jenkins\workspace\login_test and api_test\Tests\assignment5\Results\assignment2\log.html
Report:  C:\ProgramData\Jenkins\.jenkins\workspace\login_test and api_test\Tests\assignment5\Results\assignment2\report.html
[Pipeline] }
[Pipeline] // stage
[Pipeline] }
[Pipeline] // parallel
[Pipeline] }
[Pipeline] // stage
[Pipeline] stage
[Pipeline] { (Publish Results)
[Pipeline] echo
Publishing results
[Pipeline] }
[Pipeline] // stage
[Pipeline] stage
[Pipeline] { (Declarative: Post Actions)
[Pipeline] echo
Pipeline completed
[Pipeline] echo
Pipeline failed
[Pipeline] }
[Pipeline] // stage
[Pipeline] }
[Pipeline] // withEnv
[Pipeline] }
[Pipeline] // node
[Pipeline] End of Pipeline
Also:   org.jenkinsci.plugins.workflow.actions.ErrorAction$ErrorId: 71ac5070-5eea-4dd4-88ad-52b90cd300e1
java.lang.NoSuchMethodError: No such DSL method 'robot' found among steps [archive, bat, build, catchError, checkout, deleteDir, dir, echo, emailext, emailextrecipients, envVarsForTool, error, fileExists, findBuildScans, getContext, git, input, isUnix, junit, library, libraryResource, load, mail, milestone, node, parallel, powershell, properties, publishChecks, pwd, pwsh, readFile, readTrusted, resolveScm, retry, script, sh, sleep, stage, stash, step, timeout, timestamps, tm, tool, unarchive, unstable, unstash, validateDeclarativePipeline, waitForBuild, waitUntil, warnError, withChecks, withContext, withCredentials, withEnv, withGradle, wrap, writeFile, ws] or symbols [GitUsernamePassword, agent, all, allBranchesSame, allOf, always, ant, antFromApache, antOutcome, antTarget, any, anyOf, apiToken, apiTokenProperty, architecture, archiveArtifacts, artifactManager, assembla, authorInChangelog, authorizationMatrix, batchFile, bitbucket, bitbucketServer, booleanParam, branch, brokenBuildSuspects, brokenTestsSuspects, browser, buildButton, buildDiscarder, buildDiscarders, buildRetention, buildSingleRevisionOnly, buildUser, buildingTag, builtInNode, caseInsensitive, caseSensitive, certificate, cgit, changeRequest, changelog, changelogBase, changelogToBranch, changeset, checkoutOption, checkoutToSubdirectory, choice, choiceParam, cleanAfterCheckout, cleanBeforeCheckout, cleanWs, clock, cloneOption, command, computerRetentionCheckInterval, consoleUrlProvider, contributor, cps, credentials, cron, crumb, culprits, dark, darkSystem, default, defaultDisplayUrlProvider, defaultFolderConfiguration, defaultView, demand, developers, disableConcurrentBuilds, disableRestartFromStage, disableResume, discoverOtherRefs, discoverOtherRefsTrait, diskSpace, diskSpaceMonitor, downstream, dumb, durabilityHint, email-ext, envVars, envVarsFilter, environment, equals, experimentalFlags, expression, extendedEmailPublisher, file, fileParam, filePath, fingerprint, fingerprints, firstBuildChangelog, fisheye, frameOptions, freeStyle, freeStyleJob, fromScm, fromSource, git, gitBranchDiscovery, gitHooks, gitHubBranchDiscovery, gitHubBranchHeadAuthority, gitHubExcludeArchivedRepositories, gitHubExcludeForkedRepositories, gitHubExcludePrivateRepositories, gitHubExcludePublicRepositories, gitHubForkDiscovery, gitHubIgnoreDraftPullRequestFilter, gitHubPullRequestDiscovery, gitHubSshCheckout, gitHubTagDiscovery, gitHubTopicsFilter, gitHubTrustContributors, gitHubTrustEveryone, gitHubTrustNobody, gitHubTrustPermissions, gitLab, gitList, gitSCM, gitTagDiscovery, gitTool, gitUsernamePassword, gitWeb, gitblit, github, githubProjectProperty, githubPush, gitiles, gogs, gradle, group, headRegexFilter, headWildcardFilter, hyperlink, hyperlinkToModels, ignoreOnPush, inbound, inheriting, inheritingGlobal, installSource, isRestartedRun, jdk, jgit, jgitapache, jnlp, jobBuildDiscarder, jobName, junitTestResultStorage, kiln, label, lastDuration, lastFailure, lastGrantedAuthorities, lastStable, lastSuccess, legacy, legacySCM, lfs, list, local, localBranch, localBranchTrait, location, logRotator, loggedInUsersCanDoAnything, mailer, masterBuild, maven, maven3Mojos, mavenErrors, mavenGlobalConfig, mavenMojos, mavenWarnings, modernSCM, multiBranchProjectDisplayNaming, multibranch, myView, namedBranchesDifferent, node, nodeProperties, nonInheriting, none, nonresumable, not, organizationFolder, overrideIndexTriggers, paneStatus, parallelsAlwaysFailFast, parameters, password, pattern, perBuildTag, permanent, phabricator, pipeline, pipelineGraphView, pipelineTriggers, plainText, plugin, pollSCM, preserveStashes, previous, projectNamingStrategy, proxy, pruneStaleBranch, pruneStaleTag, pruneTags, queueItemAuthenticator, quietPeriod, rateLimit, rateLimitBuilds, recipients, redmine, refSpecs, remoteName, requestor, resourceRoot, responseTime, retainOnlyVariables, rhodeCode, run, runParam, sSHLauncher, schedule, scmGit, scmRetryCount, scriptApproval, scriptApprovalLink, search, security, shell, simpleBuildDiscarder, skipDefaultCheckout, skipStagesAfterUnstable, slave, sourceRegexFilter, sourceWildcardFilter, sparseCheckout, sparseCheckoutPaths, ssh, sshUserPrivateKey, standard, status, string, stringParam, submodule, submoduleOption, suppressAutomaticTriggering, suppressFolderAutomaticTriggering, swapSpace, tag, teamFoundation, teamSlugFilter, text, textParam, themeManager, timestamper, timestamperConfig, timezone, tmpSpace, toolLocation, triggeredBy, unsecured, untrusted, upstream, upstreamDevelopers, user, userIdentity, userOrGroup, userSeed, usernameColonPassword, usernamePassword, viewgit, viewsTabBar, weather, withAnt, zip] or globals [currentBuild, env, params, pipeline, scm]
	at PluginClassLoader for workflow-cps//org.jenkinsci.plugins.workflow.cps.DSL.invokeMethod(DSL.java:218)
	at PluginClassLoader for workflow-cps//org.jenkinsci.plugins.workflow.cps.CpsScript.invokeMethod(CpsScript.java:124)
	at java.base/jdk.internal.reflect.DirectMethodHandleAccessor.invoke(DirectMethodHandleAccessor.java:103)
	at java.base/java.lang.reflect.Method.invoke(Method.java:580)
	at org.codehaus.groovy.reflection.CachedMethod.invoke(CachedMethod.java:98)
	at groovy.lang.MetaMethod.doMethodInvoke(MetaMethod.java:325)
	at groovy.lang.MetaClassImpl.invokeMethod(MetaClassImpl.java:1225)
	at groovy.lang.MetaClassImpl.invokeMethod(MetaClassImpl.java:1034)
	at org.codehaus.groovy.runtime.callsite.PogoMetaClassSite.call(PogoMetaClassSite.java:41)
	at org.codehaus.groovy.runtime.callsite.CallSiteArray.defaultCall(CallSiteArray.java:47)
	at org.codehaus.groovy.runtime.callsite.AbstractCallSite.call(AbstractCallSite.java:116)
	at PluginClassLoader for script-security//org.kohsuke.groovy.sandbox.impl.Checker$1.call(Checker.java:180)
	at PluginClassLoader for script-security//org.kohsuke.groovy.sandbox.GroovyInterceptor.onMethodCall(GroovyInterceptor.java:23)
	at PluginClassLoader for script-security//org.jenkinsci.plugins.scriptsecurity.sandbox.groovy.SandboxInterceptor.onMethodCall(SandboxInterceptor.java:163)
	at PluginClassLoader for script-security//org.kohsuke.groovy.sandbox.impl.Checker$1.call(Checker.java:178)
	at PluginClassLoader for script-security//org.kohsuke.groovy.sandbox.impl.Checker.checkedCall(Checker.java:182)
	at PluginClassLoader for script-security//org.kohsuke.groovy.sandbox.impl.Checker.checkedCall(Checker.java:152)
	at PluginClassLoader for workflow-cps//com.cloudbees.groovy.cps.sandbox.SandboxInvoker.methodCall(SandboxInvoker.java:17)
	at PluginClassLoader for workflow-cps//org.jenkinsci.plugins.workflow.cps.LoggingInvoker.methodCall(LoggingInvoker.java:118)
	at WorkflowScript.run(WorkflowScript:55)
	at org.jenkinsci.plugins.pipeline.modeldefinition.ModelInterpreter.delegateAndExecute(ModelInterpreter.groovy:139)
	at org.jenkinsci.plugins.pipeline.modeldefinition.ModelInterpreter.executeSingleStage(ModelInterpreter.groovy:633)
	at org.jenkinsci.plugins.pipeline.modeldefinition.ModelInterpreter.catchRequiredContextForNode(ModelInterpreter.groovy:390)
	at org.jenkinsci.plugins.pipeline.modeldefinition.ModelInterpreter.executeSingleStage(ModelInterpreter.groovy:632)
	at org.jenkinsci.plugins.pipeline.modeldefinition.ModelInterpreter.evaluateStage(ModelInterpreter.groovy:292)
	at org.jenkinsci.plugins.pipeline.modeldefinition.ModelInterpreter.toolsBlock(ModelInterpreter.groovy:521)
	at org.jenkinsci.plugins.pipeline.modeldefinition.ModelInterpreter.evaluateStage(ModelInterpreter.groovy:280)
	at org.jenkinsci.plugins.pipeline.modeldefinition.ModelInterpreter.withEnvBlock(ModelInterpreter.groovy:432)
	at org.jenkinsci.plugins.pipeline.modeldefinition.ModelInterpreter.evaluateStage(ModelInterpreter.groovy:279)
	at org.jenkinsci.plugins.pipeline.modeldefinition.ModelInterpreter.withCredentialsBlock(ModelInterpreter.groovy:464)
	at org.jenkinsci.plugins.pipeline.modeldefinition.ModelInterpreter.evaluateStage(ModelInterpreter.groovy:278)
	at org.jenkinsci.plugins.pipeline.modeldefinition.ModelInterpreter.inDeclarativeAgent(ModelInterpreter.groovy:561)
	at org.jenkinsci.plugins.pipeline.modeldefinition.ModelInterpreter.evaluateStage(ModelInterpreter.groovy:276)
	at org.jenkinsci.plugins.pipeline.modeldefinition.ModelInterpreter.stageInput(ModelInterpreter.groovy:354)
	at org.jenkinsci.plugins.pipeline.modeldefinition.ModelInterpreter.evaluateStage(ModelInterpreter.groovy:265)
	at org.jenkinsci.plugins.pipeline.modeldefinition.ModelInterpreter.inWrappers(ModelInterpreter.groovy:592)
	at org.jenkinsci.plugins.pipeline.modeldefinition.ModelInterpreter.evaluateStage(ModelInterpreter.groovy:263)
	at org.jenkinsci.plugins.pipeline.modeldefinition.ModelInterpreter.withEnvBlock(ModelInterpreter.groovy:432)
	at org.jenkinsci.plugins.pipeline.modeldefinition.ModelInterpreter.evaluateStage(ModelInterpreter.groovy:258)
	at ___cps.transform___(Native Method)
	at PluginClassLoader for workflow-cps//com.cloudbees.groovy.cps.impl.ContinuationGroup.methodCall(ContinuationGroup.java:90)
	at PluginClassLoader for workflow-cps//com.cloudbees.groovy.cps.impl.FunctionCallBlock$ContinuationImpl.dispatchOrArg(FunctionCallBlock.java:114)
	at PluginClassLoader for workflow-cps//com.cloudbees.groovy.cps.impl.FunctionCallBlock$ContinuationImpl.fixArg(FunctionCallBlock.java:83)
	at java.base/jdk.internal.reflect.DirectMethodHandleAccessor.invoke(DirectMethodHandleAccessor.java:103)
	at java.base/java.lang.reflect.Method.invoke(Method.java:580)
	at PluginClassLoader for workflow-cps//com.cloudbees.groovy.cps.impl.ContinuationPtr$ContinuationImpl.receive(ContinuationPtr.java:72)
	at PluginClassLoader for workflow-cps//com.cloudbees.groovy.cps.impl.CollectionLiteralBlock$ContinuationImpl.dispatch(CollectionLiteralBlock.java:55)
	at PluginClassLoader for workflow-cps//com.cloudbees.groovy.cps.impl.CollectionLiteralBlock$ContinuationImpl.item(CollectionLiteralBlock.java:45)
	at java.base/jdk.internal.reflect.DirectMethodHandleAccessor.invoke(DirectMethodHandleAccessor.java:103)
	at java.base/java.lang.reflect.Method.invoke(Method.java:580)
	at PluginClassLoader for workflow-cps//com.cloudbees.groovy.cps.impl.ContinuationPtr$ContinuationImpl.receive(ContinuationPtr.java:72)
	at PluginClassLoader for workflow-cps//com.cloudbees.groovy.cps.impl.FunctionCallBlock$ContinuationImpl.dispatchOrArg(FunctionCallBlock.java:108)
	at PluginClassLoader for workflow-cps//com.cloudbees.groovy.cps.impl.FunctionCallBlock$ContinuationImpl.fixArg(FunctionCallBlock.java:83)
	at java.base/jdk.internal.reflect.DirectMethodHandleAccessor.invoke(DirectMethodHandleAccessor.java:103)
	at java.base/java.lang.reflect.Method.invoke(Method.java:580)
	at PluginClassLoader for workflow-cps//com.cloudbees.groovy.cps.impl.ContinuationPtr$ContinuationImpl.receive(ContinuationPtr.java:72)
	at PluginClassLoader for workflow-cps//com.cloudbees.groovy.cps.impl.CastBlock$ContinuationImpl.cast(CastBlock.java:47)
	at java.base/jdk.internal.reflect.DirectMethodHandleAccessor.invoke(DirectMethodHandleAccessor.java:103)
	at java.base/java.lang.reflect.Method.invoke(Method.java:580)
	at PluginClassLoader for workflow-cps//com.cloudbees.groovy.cps.impl.ContinuationPtr$ContinuationImpl.receive(ContinuationPtr.java:72)
	at PluginClassLoader for workflow-cps//com.cloudbees.groovy.cps.impl.CollectionLiteralBlock$ContinuationImpl.dispatch(CollectionLiteralBlock.java:55)
	at PluginClassLoader for workflow-cps//com.cloudbees.groovy.cps.impl.CollectionLiteralBlock$ContinuationImpl.item(CollectionLiteralBlock.java:45)
	at java.base/jdk.internal.reflect.DirectMethodHandleAccessor.invoke(DirectMethodHandleAccessor.java:103)
	at java.base/java.lang.reflect.Method.invoke(Method.java:580)
	at PluginClassLoader for workflow-cps//com.cloudbees.groovy.cps.impl.ContinuationPtr$ContinuationImpl.receive(ContinuationPtr.java:72)
	at PluginClassLoader for workflow-cps//com.cloudbees.groovy.cps.impl.ConstantBlock.eval(ConstantBlock.java:21)
	at PluginClassLoader for workflow-cps//com.cloudbees.groovy.cps.Next.step(Next.java:83)
	at PluginClassLoader for workflow-cps//com.cloudbees.groovy.cps.Continuable.run0(Continuable.java:147)
	at PluginClassLoader for workflow-cps//org.jenkinsci.plugins.workflow.cps.SandboxContinuable.access$001(SandboxContinuable.java:17)
	at PluginClassLoader for workflow-cps//org.jenkinsci.plugins.workflow.cps.SandboxContinuable.run0(SandboxContinuable.java:49)
	at PluginClassLoader for workflow-cps//org.jenkinsci.plugins.workflow.cps.CpsThread.runNextChunk(CpsThread.java:181)
	at PluginClassLoader for workflow-cps//org.jenkinsci.plugins.workflow.cps.CpsThreadGroup.run(CpsThreadGroup.java:437)
	at PluginClassLoader for workflow-cps//org.jenkinsci.plugins.workflow.cps.CpsThreadGroup$2.call(CpsThreadGroup.java:345)
	at PluginClassLoader for workflow-cps//org.jenkinsci.plugins.workflow.cps.CpsThreadGroup$2.call(CpsThreadGroup.java:298)
	at PluginClassLoader for workflow-cps//org.jenkinsci.plugins.workflow.cps.CpsVmExecutorService.lambda$wrap$4(CpsVmExecutorService.java:140)
	at java.base/java.util.concurrent.FutureTask.run(FutureTask.java:317)
	at hudson.remoting.SingleLaneExecutorService$1.run(SingleLaneExecutorService.java:139)
	at jenkins.util.ContextResettingExecutorService$1.run(ContextResettingExecutorService.java:28)
	at jenkins.security.ImpersonatingExecutorService$1.run(ImpersonatingExecutorService.java:68)
	at jenkins.util.ErrorLoggingExecutorService.lambda$wrap$0(ErrorLoggingExecutorService.java:51)
	at java.base/java.util.concurrent.Executors$RunnableAdapter.call(Executors.java:572)
	at java.base/java.util.concurrent.FutureTask.run(FutureTask.java:317)
	at java.base/java.util.concurrent.ThreadPoolExecutor.runWorker(ThreadPoolExecutor.java:1144)
	at java.base/java.util.concurrent.ThreadPoolExecutor$Worker.run(ThreadPoolExecutor.java:642)
	at PluginClassLoader for workflow-cps//org.jenkinsci.plugins.workflow.cps.CpsVmExecutorService$1.call(CpsVmExecutorService.java:53)
	at PluginClassLoader for workflow-cps//org.jenkinsci.plugins.workflow.cps.CpsVmExecutorService$1.call(CpsVmExecutorService.java:50)
	at org.codehaus.groovy.runtime.GroovyCategorySupport$ThreadCategoryInfo.use(GroovyCategorySupport.java:136)
	at org.codehaus.groovy.runtime.GroovyCategorySupport.use(GroovyCategorySupport.java:275)
	at PluginClassLoader for workflow-cps//org.jenkinsci.plugins.workflow.cps.CpsVmExecutorService.lambda$categoryThreadFactory$0(CpsVmExecutorService.java:50)
	at java.base/java.lang.Thread.run(Thread.java:1583)
Finished: FAILURE
