<?xml version="1.0" encoding="UTF-8"?>
<robot generator="Robot 7.3.2 (Python 3.13.3 on win32)" generated="2025-08-03T00:58:21.587901" rpa="false" schemaversion="5">
<suite id="s1" name="Login Test" source="C:\ProgramData\Jenkins\.jenkins\workspace\login_test\Tests\assignment2\login_test.robot">
<test id="s1-t1" name="Login Success" line="6">
<kw name="Open Browser" owner="SeleniumLibrary">
<msg time="2025-08-03T00:58:21.898065" level="INFO">Opening browser 'chrome' to base url 'http://the-internet.herokuapp.com/login'.</msg>
<arg>${URL}</arg>
<arg>${BROWSER}</arg>
<doc>Opens a new browser instance to the optional ``url``.</doc>
<status status="PASS" start="2025-08-03T00:58:21.897796" elapsed="5.294631"/>
</kw>
<kw name="Maximize Browser Window" owner="SeleniumLibrary">
<doc>Maximizes current browser window.</doc>
<status status="PASS" start="2025-08-03T00:58:27.192769" elapsed="0.032908"/>
</kw>
<kw name="Input Text" owner="SeleniumLibrary">
<msg time="2025-08-03T00:58:27.226206" level="INFO">Typing text 'tomsmith' into text field 'id:username'.</msg>
<arg>id:username</arg>
<arg>${VALID_USER}</arg>
<doc>Types the given ``text`` into the text field identified by ``locator``.</doc>
<status status="PASS" start="2025-08-03T00:58:27.225860" elapsed="0.090385"/>
</kw>
<kw name="Input Text" owner="SeleniumLibrary">
<msg time="2025-08-03T00:58:27.316714" level="INFO">Typing text 'SuperSecretPassword!' into text field 'id:password'.</msg>
<arg>id:password</arg>
<arg>${VALID_PASS}</arg>
<doc>Types the given ``text`` into the text field identified by ``locator``.</doc>
<status status="PASS" start="2025-08-03T00:58:27.316436" elapsed="0.071792"/>
</kw>
<kw name="Click Button" owner="SeleniumLibrary">
<msg time="2025-08-03T00:58:27.388777" level="INFO">Clicking button '//button[@type="submit"]'.</msg>
<arg>//button[@type="submit"]</arg>
<doc>Clicks the button identified by ``locator``.</doc>
<status status="PASS" start="2025-08-03T00:58:27.388516" elapsed="0.086019"/>
</kw>
<kw name="Wait Until Page Contains" owner="SeleniumLibrary">
<arg>You logged into a secure area!</arg>
<doc>Waits until ``text`` appears on the current page.</doc>
<status status="PASS" start="2025-08-03T00:58:27.474755" elapsed="0.851188"/>
</kw>
<kw name="Click Link" owner="SeleniumLibrary">
<msg time="2025-08-03T00:58:28.326277" level="INFO">Clicking link 'Logout'.</msg>
<arg>Logout</arg>
<doc>Clicks a link identified by ``locator``.</doc>
<status status="PASS" start="2025-08-03T00:58:28.326114" elapsed="0.653949"/>
</kw>
<kw name="Wait Until Page Contains" owner="SeleniumLibrary">
<arg>You logged out of the secure area!</arg>
<doc>Waits until ``text`` appears on the current page.</doc>
<status status="PASS" start="2025-08-03T00:58:28.980327" elapsed="0.012890"/>
</kw>
<kw name="Close Browser" owner="SeleniumLibrary">
<doc>Closes the current browser.</doc>
<status status="PASS" start="2025-08-03T00:58:28.993450" elapsed="2.121767"/>
</kw>
<doc>Verify successful login with valid username and password, then logout</doc>
<status status="PASS" start="2025-08-03T00:58:21.896679" elapsed="9.218850"/>
</test>
<test id="s1-t2" name="Login Failed - Password Incorrect" line="18">
<kw name="Open Browser" owner="SeleniumLibrary">
<msg time="2025-08-03T00:58:31.116581" level="INFO">Opening browser 'chrome' to base url 'http://the-internet.herokuapp.com/login'.</msg>
<arg>${URL}</arg>
<arg>${BROWSER}</arg>
<doc>Opens a new browser instance to the optional ``url``.</doc>
<status status="PASS" start="2025-08-03T00:58:31.116380" elapsed="5.273157"/>
</kw>
<kw name="Maximize Browser Window" owner="SeleniumLibrary">
<doc>Maximizes current browser window.</doc>
<status status="PASS" start="2025-08-03T00:58:36.389780" elapsed="0.022343"/>
</kw>
<kw name="Input Text" owner="SeleniumLibrary">
<msg time="2025-08-03T00:58:36.412662" level="INFO">Typing text 'tomsmith' into text field 'id:username'.</msg>
<arg>id:username</arg>
<arg>${VALID_USER}</arg>
<doc>Types the given ``text`` into the text field identified by ``locator``.</doc>
<status status="PASS" start="2025-08-03T00:58:36.412373" elapsed="0.099816"/>
</kw>
<kw name="Input Text" owner="SeleniumLibrary">
<msg time="2025-08-03T00:58:36.512639" level="INFO">Typing text 'Password!' into text field 'id:password'.</msg>
<arg>id:password</arg>
<arg>${INVALID_PASS}</arg>
<doc>Types the given ``text`` into the text field identified by ``locator``.</doc>
<status status="PASS" start="2025-08-03T00:58:36.512423" elapsed="0.057462"/>
</kw>
<kw name="Click Button" owner="SeleniumLibrary">
<msg time="2025-08-03T00:58:36.570247" level="INFO">Clicking button '//button[@type="submit"]'.</msg>
<arg>//button[@type="submit"]</arg>
<doc>Clicks the button identified by ``locator``.</doc>
<status status="PASS" start="2025-08-03T00:58:36.570063" elapsed="0.070021"/>
</kw>
<kw name="Wait Until Page Contains" owner="SeleniumLibrary">
<arg>Your password is invalid!</arg>
<doc>Waits until ``text`` appears on the current page.</doc>
<status status="PASS" start="2025-08-03T00:58:36.640305" elapsed="0.880198"/>
</kw>
<kw name="Close Browser" owner="SeleniumLibrary">
<doc>Closes the current browser.</doc>
<status status="PASS" start="2025-08-03T00:58:37.520680" elapsed="2.114497"/>
</kw>
<doc>Verify login fails when correct username and wrong password is entered</doc>
<status status="PASS" start="2025-08-03T00:58:31.115978" elapsed="8.519402"/>
</test>
<test id="s1-t3" name="Login Failed - Username Not Found" line="28">
<kw name="Open Browser" owner="SeleniumLibrary">
<msg time="2025-08-03T00:58:39.636142" level="INFO">Opening browser 'chrome' to base url 'http://the-internet.herokuapp.com/login'.</msg>
<arg>${URL}</arg>
<arg>${BROWSER}</arg>
<doc>Opens a new browser instance to the optional ``url``.</doc>
<status status="PASS" start="2025-08-03T00:58:39.635953" elapsed="5.495540"/>
</kw>
<kw name="Maximize Browser Window" owner="SeleniumLibrary">
<doc>Maximizes current browser window.</doc>
<status status="PASS" start="2025-08-03T00:58:45.131746" elapsed="0.024544"/>
</kw>
<kw name="Input Text" owner="SeleniumLibrary">
<msg time="2025-08-03T00:58:45.156770" level="INFO">Typing text 'tomholland' into text field 'id:username'.</msg>
<arg>id:username</arg>
<arg>${INVALID_USER}</arg>
<doc>Types the given ``text`` into the text field identified by ``locator``.</doc>
<status status="PASS" start="2025-08-03T00:58:45.156499" elapsed="0.089962"/>
</kw>
<kw name="Input Text" owner="SeleniumLibrary">
<msg time="2025-08-03T00:58:45.247134" level="INFO">Typing text 'Password!' into text field 'id:password'.</msg>
<arg>id:password</arg>
<arg>${INVALID_PASS}</arg>
<doc>Types the given ``text`` into the text field identified by ``locator``.</doc>
<status status="PASS" start="2025-08-03T00:58:45.246806" elapsed="0.084132"/>
</kw>
<kw name="Click Button" owner="SeleniumLibrary">
<msg time="2025-08-03T00:58:45.331356" level="INFO">Clicking button '//button[@type="submit"]'.</msg>
<arg>//button[@type="submit"]</arg>
<doc>Clicks the button identified by ``locator``.</doc>
<status status="PASS" start="2025-08-03T00:58:45.331151" elapsed="0.075063"/>
</kw>
<kw name="Wait Until Page Contains" owner="SeleniumLibrary">
<arg>Your username is invalid!</arg>
<doc>Waits until ``text`` appears on the current page.</doc>
<status status="PASS" start="2025-08-03T00:58:45.406436" elapsed="0.855881"/>
</kw>
<kw name="Close Browser" owner="SeleniumLibrary">
<doc>Closes the current browser.</doc>
<status status="PASS" start="2025-08-03T00:58:46.262519" elapsed="2.121256"/>
</kw>
<doc>Verify login fails when non-existent username is entered</doc>
<status status="PASS" start="2025-08-03T00:58:39.635621" elapsed="8.748370"/>
</test>
<status status="PASS" start="2025-08-03T00:58:21.589431" elapsed="26.795176"/>
</suite>
<statistics>
<total>
<stat pass="3" fail="0" skip="0">All Tests</stat>
</total>
<tag>
</tag>
<suite>
<stat name="Login Test" id="s1" pass="3" fail="0" skip="0">Login Test</stat>
</suite>
</statistics>
<errors>
<msg time="2025-08-03T00:58:21.882966" level="ERROR">Error in file 'C:\ProgramData\Jenkins\.jenkins\workspace\login_test\init.txt' on line 3: Importing library 'RequestsLibrary' failed: ModuleNotFoundError: No module named 'RequestsLibrary'
Traceback (most recent call last):
  None
PYTHONPATH:
  C:\Python313\Scripts\robot.exe
  C:\Python313\python313.zip
  C:\Python313\DLLs
  C:\Python313\Lib
  C:\Python313
  C:\Python313\Lib\site-packages</msg>
</errors>
</robot>
